c:\gitroot\iocp\iocp\x64\debug\iocp.pdb
c:\gitroot\iocp\iocp\x64\debug\iocp.idb
c:\gitroot\iocp\iocp\x64\debug\wsabuf.obj
c:\gitroot\iocp\iocp\x64\debug\tcpsessionservice.obj
c:\gitroot\iocp\iocp\x64\debug\tcpsession.obj
c:\gitroot\iocp\iocp\x64\debug\tcpserverservice.obj
c:\gitroot\iocp\iocp\x64\debug\tcplistener.obj
c:\gitroot\iocp\iocp\x64\debug\tcpclientservice.obj
c:\gitroot\iocp\iocp\x64\debug\socket.obj
c:\gitroot\iocp\iocp\x64\debug\threadpool.obj
c:\gitroot\iocp\iocp\x64\debug\log.obj
c:\gitroot\iocp\iocp\x64\debug\tcpoperationsend.obj
c:\gitroot\iocp\iocp\x64\debug\tcpoperationrecv.obj
c:\gitroot\iocp\iocp\x64\debug\tcpoperationerror.obj
c:\gitroot\iocp\iocp\x64\debug\tcpoperationdisconnect.obj
c:\gitroot\iocp\iocp\x64\debug\tcpoperationconnect.obj
c:\gitroot\iocp\iocp\x64\debug\tcpoperationaccept.obj
c:\gitroot\iocp\iocp\x64\debug\tcpoperation.obj
c:\gitroot\iocp\iocp\x64\debug\winsockextension.obj
c:\gitroot\iocp\iocp\x64\debug\circularbuffer.obj
c:\gitroot\iocp\x64\debug\iocp.lib
c:\gitroot\iocp\x64\debug\iocp.pdb
c:\gitroot\iocp\iocp\x64\debug\iocp.tlog\cl.command.1.tlog
c:\gitroot\iocp\iocp\x64\debug\iocp.tlog\cl.read.1.tlog
c:\gitroot\iocp\iocp\x64\debug\iocp.tlog\cl.write.1.tlog
c:\gitroot\iocp\iocp\x64\debug\iocp.tlog\lib-link.read.1.tlog
c:\gitroot\iocp\iocp\x64\debug\iocp.tlog\lib-link.write.1.tlog
c:\gitroot\iocp\iocp\x64\debug\iocp.tlog\lib.command.1.tlog
